<?xml version="1.0" encoding="UTF-8"?>
<!-- Generated by org.testng.reporters.JUnitReportReporter -->
<testsuite hostname="kannu" failures="0" tests="1" name="utility_test.LoginTest" time="0.064" errors="0" timestamp="2023-04-17T01:16:25 IST" skipped="0">
  <testcase classname="utility_test.LoginTest" name="getTitle1_flipkart" time="0.064"/>
  <system-out/>
</testsuite> <!-- utility_test.LoginTest -->
